app/build/outputs/logs/manifest-merger-xiaomi-release-report.txt
-- Merging decision tree log ---
manifest
ADDED from src\main\AndroidManifest.xml:2:1-196:12
	package
		ADDED from src\main\AndroidManifest.xml:3:11-41
		INJECTED from src\main\AndroidManifest.xml
		INJECTED from src\main\AndroidManifest.xml
	android:versionName
		INJECTED from src\main\AndroidManifest.xml
		INJECTED from src\main\AndroidManifest.xml
	xmlns:android
		ADDED from src\main\AndroidManifest.xml:2:11-69
	android:versionCode
		INJECTED from src\main\AndroidManifest.xml
		INJECTED from src\main\AndroidManifest.xml
uses-permission#android.permission.INTERNET
ADDED from src\main\AndroidManifest.xml:6:5-66
	android:name
		ADDED from src\main\AndroidManifest.xml:6:22-64
uses-permission#android.permission.ACCESS_WIFI_STATE
ADDED from src\main\AndroidManifest.xml:7:5-75
	android:name
		ADDED from src\main\AndroidManifest.xml:7:22-73
uses-permission#android.permission.ACCESS_NETWORK_STATE
ADDED from src\main\AndroidManifest.xml:8:5-78
	android:name
		ADDED from src\main\AndroidManifest.xml:8:22-76
uses-permission#android.permission.WAKE_LOCK
ADDED from src\main\AndroidManifest.xml:10:5-67
	android:name
		ADDED from src\main\AndroidManifest.xml:10:22-65
uses-permission#android.permission.READ_EXTERNAL_STORAGE
ADDED from src\main\AndroidManifest.xml:11:5-79
	android:name
		ADDED from src\main\AndroidManifest.xml:11:22-77
uses-permission#android.permission.WRITE_EXTERNAL_STORAGE
ADDED from src\main\AndroidManifest.xml:12:5-80
MERGED from [:bga-photopicker-1.2.0:] AndroidManifest.xml:11:5-81
	android:name
		ADDED from src\main\AndroidManifest.xml:12:22-78
uses-permission#android.permission.READ_LOGS
ADDED from src\main\AndroidManifest.xml:13:5-67
	android:name
		ADDED from src\main\AndroidManifest.xml:13:22-65
uses-permission#android.permission.CAMERA
ADDED from src\main\AndroidManifest.xml:15:5-64
MERGED from [:bga-photopicker-1.2.0:] AndroidManifest.xml:12:5-65
	android:name
		ADDED from src\main\AndroidManifest.xml:15:22-62
uses-permission#android.permission.MOUNT_UNMOUNT_FILESYSTEMS
ADDED from src\main\AndroidManifest.xml:16:5-83
	android:name
		ADDED from src\main\AndroidManifest.xml:16:22-81
uses-permission#android.permission.READ_PHONE_STATE
ADDED from src\main\AndroidManifest.xml:18:5-74
	android:name
		ADDED from src\main\AndroidManifest.xml:18:22-72
uses-permission#android.permission.KILL_BACKGROUND_PROCESSES
ADDED from src\main\AndroidManifest.xml:20:5-83
	android:name
		ADDED from src\main\AndroidManifest.xml:20:22-81
uses-permission#android.permission.ACCESS_DOWNLOAD_MANAGER
ADDED from src\main\AndroidManifest.xml:22:5-81
	android:name
		ADDED from src\main\AndroidManifest.xml:22:22-79
uses-permission#android.permission.DOWNLOAD_WITHOUT_NOTIFICATION
ADDED from src\main\AndroidManifest.xml:23:5-87
	android:name
		ADDED from src\main\AndroidManifest.xml:23:22-85
uses-permission#android.permission.SYSTEM_ALERT_WINDOW
ADDED from src\main\AndroidManifest.xml:24:5-77
	android:name
		ADDED from src\main\AndroidManifest.xml:24:22-75
uses-permission#android.permission.DISABLE_KEYGUARD
ADDED from src\main\AndroidManifest.xml:25:5-74
	android:name
		ADDED from src\main\AndroidManifest.xml:25:22-72
uses-permission#android.permission.ACCESS_COARSE_LOCATION
ADDED from src\main\AndroidManifest.xml:26:5-80
	android:name
		ADDED from src\main\AndroidManifest.xml:26:22-78
uses-permission#android.permission.ACCESS_FINE_LOCATION
ADDED from src\main\AndroidManifest.xml:27:5-78
	android:name
		ADDED from src\main\AndroidManifest.xml:27:22-76
application
ADDED from src\main\AndroidManifest.xml:29:5-194:19
MERGED from [pub.devrel:easypermissions:0.2.1] AndroidManifest.xml:12:5-20
MERGED from [:volley-release:] AndroidManifest.xml:9:5-20
MERGED from [:circleimageview-release:] AndroidManifest.xml:9:5-20
MERGED from [:circle-menu:] AndroidManifest.xml:11:5-15:19
MERGED from [:fancybuttons-release:] AndroidManifest.xml:11:5-20
MERGED from [:bga-photopicker-1.2.0:] AndroidManifest.xml:14:5-39:19
MERGED from [:agentweb:] AndroidManifest.xml:11:5-24:19
MERGED from [com.github.CymChad:BaseRecyclerViewAdapterHelper:v1.7.4] AndroidManifest.xml:11:5-15:19
MERGED from [com.android.support:cardview-v7:25.3.1] AndroidManifest.xml:26:5-20
MERGED from [com.android.support:design:25.3.1] AndroidManifest.xml:29:5-20
MERGED from [com.android.support:appcompat-v7:25.3.1] AndroidManifest.xml:29:5-20
MERGED from [com.android.support:animated-vector-drawable:25.3.1] AndroidManifest.xml:26:5-20
MERGED from [com.android.support:support-vector-drawable:25.3.1] AndroidManifest.xml:26:5-20
MERGED from [com.android.support:transition:25.3.1] AndroidManifest.xml:26:5-20
MERGED from [com.android.support:support-v4:25.3.1] AndroidManifest.xml:29:5-20
MERGED from [com.android.support:support-fragment:25.3.1] AndroidManifest.xml:29:5-20
MERGED from [com.android.support:support-media-compat:25.3.1] AndroidManifest.xml:29:5-20
MERGED from [com.android.support:support-core-utils:25.3.1] AndroidManifest.xml:29:5-20
MERGED from [cn.bmob.android:bmob-sdk:3.5.0] AndroidManifest.xml:11:5-14:19
MERGED from [com.android.support:support-core-ui:25.3.1] AndroidManifest.xml:29:5-20
MERGED from [com.android.support:support-compat:25.3.1] AndroidManifest.xml:29:5-20
	android:label
		ADDED from src\main\AndroidManifest.xml:33:9-41
	android:supportsRtl
		ADDED from [:agentweb:] AndroidManifest.xml:14:9-35
	android:allowBackup
		ADDED from src\main\AndroidManifest.xml:31:9-35
	android:icon
		ADDED from src\main\AndroidManifest.xml:32:9-43
	android:largeHeap
		ADDED from src\main\AndroidManifest.xml:34:9-33
	android:theme
		ADDED from src\main\AndroidManifest.xml:35:9-40
	android:name
		ADDED from src\main\AndroidManifest.xml:30:9-33
activity#com.murainy.safeexam.activitis.LauncherActivity
ADDED from src\main\AndroidManifest.xml:36:9-45:20
	android:launchMode
		ADDED from src\main\AndroidManifest.xml:38:13-44
	android:uiOptions
		ADDED from src\main\AndroidManifest.xml:40:13-57
	android:theme
		ADDED from src\main\AndroidManifest.xml:39:13-76
	android:name
		ADDED from src\main\AndroidManifest.xml:37:13-55
intent-filter#android.intent.action.MAIN+android.intent.category.LAUNCHER
ADDED from src\main\AndroidManifest.xml:41:13-44:29
action#android.intent.action.MAIN
ADDED from src\main\AndroidManifest.xml:42:17-68
	android:name
		ADDED from src\main\AndroidManifest.xml:42:25-66
category#android.intent.category.LAUNCHER
ADDED from src\main\AndroidManifest.xml:43:17-76
	android:name
		ADDED from src\main\AndroidManifest.xml:43:27-74
activity#com.murainy.safeexam.activitis.SplashActivity
ADDED from src\main\AndroidManifest.xml:46:9-49:78
	android:launchMode
		ADDED from src\main\AndroidManifest.xml:48:13-43
	android:theme
		ADDED from src\main\AndroidManifest.xml:49:13-76
	android:name
		ADDED from src\main\AndroidManifest.xml:47:13-53
activity#com.murainy.safeexam.activitis.LoginActivity
ADDED from src\main\AndroidManifest.xml:50:9-54:20
	android:windowSoftInputMode
		ADDED from src\main\AndroidManifest.xml:53:13-82
	android:theme
		ADDED from src\main\AndroidManifest.xml:52:13-57
	android:name
		ADDED from src\main\AndroidManifest.xml:51:13-52
activity#com.murainy.safeexam.activitis.RegisterActivity
ADDED from src\main\AndroidManifest.xml:55:9-59:20
	android:launchMode
		ADDED from src\main\AndroidManifest.xml:57:13-43
	android:theme
		ADDED from src\main\AndroidManifest.xml:58:13-57
	android:name
		ADDED from src\main\AndroidManifest.xml:56:13-55
activity#com.murainy.safeexam.activitis.MainActivity
ADDED from src\main\AndroidManifest.xml:60:9-64:20
	android:launchMode
		ADDED from src\main\AndroidManifest.xml:62:13-43
	android:theme
		ADDED from src\main\AndroidManifest.xml:63:13-57
	android:name
		ADDED from src\main\AndroidManifest.xml:61:13-51
activity#com.murainy.safeexam.activitis.InformationActivity
ADDED from src\main\AndroidManifest.xml:65:9-69:20
	android:launchMode
		ADDED from src\main\AndroidManifest.xml:67:13-43
	android:theme
		ADDED from src\main\AndroidManifest.xml:68:13-57
	android:name
		ADDED from src\main\AndroidManifest.xml:66:13-58
activity#com.murainy.safeexam.activitis.ChangerPasswordActivity
ADDED from src\main\AndroidManifest.xml:70:9-74:20
	android:launchMode
		ADDED from src\main\AndroidManifest.xml:72:13-43
	android:theme
		ADDED from src\main\AndroidManifest.xml:73:13-57
	android:name
		ADDED from src\main\AndroidManifest.xml:71:13-62
activity#com.murainy.safeexam.activitis.LookGradeActivity
ADDED from src\main\AndroidManifest.xml:75:9-79:20
	android:launchMode
		ADDED from src\main\AndroidManifest.xml:77:13-43
	android:theme
		ADDED from src\main\AndroidManifest.xml:78:13-57
	android:name
		ADDED from src\main\AndroidManifest.xml:76:13-56
activity#com.murainy.safeexam.activitis.StartTestActivity
ADDED from src\main\AndroidManifest.xml:80:9-84:20
	android:launchMode
		ADDED from src\main\AndroidManifest.xml:82:13-43
	android:theme
		ADDED from src\main\AndroidManifest.xml:83:13-57
	android:name
		ADDED from src\main\AndroidManifest.xml:81:13-56
activity#com.murainy.safeexam.activitis.AdminActivity
ADDED from src\main\AndroidManifest.xml:85:9-89:20
	android:launchMode
		ADDED from src\main\AndroidManifest.xml:87:13-43
	android:theme
		ADDED from src\main\AndroidManifest.xml:88:13-57
	android:name
		ADDED from src\main\AndroidManifest.xml:86:13-52
activity#com.murainy.safeexam.activitis.AddPaperActivity
ADDED from src\main\AndroidManifest.xml:91:9-95:20
	android:launchMode
		ADDED from src\main\AndroidManifest.xml:93:13-43
	android:theme
		ADDED from src\main\AndroidManifest.xml:94:13-57
	android:name
		ADDED from src\main\AndroidManifest.xml:92:13-55
activity#com.murainy.safeexam.activitis.TabmanActivity
ADDED from src\main\AndroidManifest.xml:97:9-102:20
	android:launchMode
		ADDED from src\main\AndroidManifest.xml:99:13-43
	android:theme
		ADDED from src\main\AndroidManifest.xml:100:13-57
	android:name
		ADDED from src\main\AndroidManifest.xml:98:13-53
activity#com.murainy.safeexam.activitis.HeadActivity
ADDED from src\main\AndroidManifest.xml:103:9-113:20
	android:launchMode
		ADDED from src\main\AndroidManifest.xml:106:13-43
	android:theme
		ADDED from src\main\AndroidManifest.xml:105:13-57
	android:name
		ADDED from src\main\AndroidManifest.xml:104:13-51
intent-filter#android.intent.category.DEFAULT+android.media.action.IMAGE_CAPTURE
ADDED from src\main\AndroidManifest.xml:108:13-112:29
action#android.media.action.IMAGE_CAPTURE
ADDED from src\main\AndroidManifest.xml:109:17-76
	android:name
		ADDED from src\main\AndroidManifest.xml:109:25-74
category#android.intent.category.DEFAULT
ADDED from src\main\AndroidManifest.xml:111:17-75
	android:name
		ADDED from src\main\AndroidManifest.xml:111:27-73
activity#com.murainy.safeexam.activitis.CircleActivity
ADDED from src\main\AndroidManifest.xml:114:9-117:45
	android:label
		ADDED from src\main\AndroidManifest.xml:116:13-58
	android:launchMode
		ADDED from src\main\AndroidManifest.xml:117:13-43
	android:name
		ADDED from src\main\AndroidManifest.xml:115:13-53
activity#com.murainy.safeexam.activitis.ResetPasswordActivity
ADDED from src\main\AndroidManifest.xml:118:9-121:59
	android:launchMode
		ADDED from src\main\AndroidManifest.xml:120:13-43
	android:theme
		ADDED from src\main\AndroidManifest.xml:121:13-57
	android:name
		ADDED from src\main\AndroidManifest.xml:119:13-60
activity#com.murainy.safeexam.activitis.UserBindPhoneActivity
ADDED from src\main\AndroidManifest.xml:122:9-125:59
	android:launchMode
		ADDED from src\main\AndroidManifest.xml:124:13-43
	android:theme
		ADDED from src\main\AndroidManifest.xml:125:13-57
	android:name
		ADDED from src\main\AndroidManifest.xml:123:13-60
activity#com.murainy.safeexam.activitis.GridActivity
ADDED from src\main\AndroidManifest.xml:128:9-130:20
	android:name
		ADDED from src\main\AndroidManifest.xml:128:19-57
activity#com.murainy.safeexam.activitis.ContentExamActivity
ADDED from src\main\AndroidManifest.xml:131:9-134:20
	android:theme
		ADDED from src\main\AndroidManifest.xml:133:13-57
	android:name
		ADDED from src\main\AndroidManifest.xml:132:13-58
activity#com.murainy.safeexam.activitis.AboutActivity
ADDED from src\main\AndroidManifest.xml:135:9-139:20
	android:theme
		ADDED from src\main\AndroidManifest.xml:137:13-57
	android:name
		ADDED from src\main\AndroidManifest.xml:136:13-52
activity#com.murainy.safeexam.activitis.SequenceActivity
ADDED from src\main\AndroidManifest.xml:140:9-143:20
	android:theme
		ADDED from src\main\AndroidManifest.xml:142:13-57
	android:name
		ADDED from src\main\AndroidManifest.xml:141:13-55
activity#com.murainy.safeexam.activitis.ExamActivity
ADDED from src\main\AndroidManifest.xml:144:9-149:20
	android:label
		ADDED from src\main\AndroidManifest.xml:146:13-56
	android:launchMode
		ADDED from src\main\AndroidManifest.xml:147:13-43
	android:theme
		ADDED from src\main\AndroidManifest.xml:148:13-57
	android:name
		ADDED from src\main\AndroidManifest.xml:145:13-51
activity#com.murainy.safeexam.activitis.KnowledgeActivity
ADDED from src\main\AndroidManifest.xml:150:9-154:20
	android:launchMode
		ADDED from src\main\AndroidManifest.xml:152:13-43
	android:theme
		ADDED from src\main\AndroidManifest.xml:153:13-57
	android:name
		ADDED from src\main\AndroidManifest.xml:151:13-56
activity#com.murainy.safeexam.activitis.RubblerActivity
ADDED from src\main\AndroidManifest.xml:155:9-158:20
	android:theme
		ADDED from src\main\AndroidManifest.xml:157:13-57
	android:name
		ADDED from src\main\AndroidManifest.xml:156:13-54
activity#com.murainy.safeexam.activitis.LargeImageViewActivity
ADDED from src\main\AndroidManifest.xml:159:9-162:20
	android:theme
		ADDED from src\main\AndroidManifest.xml:161:13-57
	android:name
		ADDED from src\main\AndroidManifest.xml:160:13-61
activity#com.murainy.safeexam.activitis.MomentAddActivity
ADDED from src\main\AndroidManifest.xml:163:9-166:20
	android:theme
		ADDED from src\main\AndroidManifest.xml:165:13-57
	android:name
		ADDED from src\main\AndroidManifest.xml:164:13-56
activity#com.murainy.safeexam.activitis.MomentListActivity
ADDED from src\main\AndroidManifest.xml:167:9-170:20
	android:theme
		ADDED from src\main\AndroidManifest.xml:169:13-57
	android:name
		ADDED from src\main\AndroidManifest.xml:168:13-57
activity#com.murainy.safeexam.activitis.SettingsActivity
ADDED from src\main\AndroidManifest.xml:171:9-175:20
	android:launchMode
		ADDED from src\main\AndroidManifest.xml:173:13-43
	android:theme
		ADDED from src\main\AndroidManifest.xml:174:13-57
	android:name
		ADDED from src\main\AndroidManifest.xml:172:13-55
meta-data#BUGLY_APPID
ADDED from src\main\AndroidManifest.xml:178:9-180:41
	android:value
		ADDED from src\main\AndroidManifest.xml:180:13-39
	android:name
		ADDED from src\main\AndroidManifest.xml:179:13-39
meta-data#BUGLY_APP_VERSION
ADDED from src\main\AndroidManifest.xml:182:9-184:34
	android:value
		ADDED from src\main\AndroidManifest.xml:184:13-32
	android:name
		ADDED from src\main\AndroidManifest.xml:183:13-45
meta-data#BUGLY_APP_CHANNEL
ADDED from src\main\AndroidManifest.xml:186:9-188:39
	android:value
		ADDED from src\main\AndroidManifest.xml:188:13-37
	android:name
		ADDED from src\main\AndroidManifest.xml:187:13-45
meta-data#BUGLY_ENABLE_DEBUG
ADDED from src\main\AndroidManifest.xml:190:9-192:38
	android:value
		ADDED from src\main\AndroidManifest.xml:192:13-36
	android:name
		ADDED from src\main\AndroidManifest.xml:191:13-46
uses-sdk
INJECTED from src\main\AndroidManifest.xml reason: use-sdk injection requested
MERGED from [cn.bingoogolapple:bga-adapter:1.1.5] AndroidManifest.xml:6:5-8:41
MERGED from [pub.devrel:easypermissions:0.2.1] AndroidManifest.xml:8:5-10:41
MERGED from [:welcome-release:] AndroidManifest.xml:8:5-10:41
MERGED from [:volley-release:] AndroidManifest.xml:7:5-43
MERGED from [:circleimageview-release:] AndroidManifest.xml:5:5-7:41
MERGED from [:circle-menu:] AndroidManifest.xml:7:5-9:41
MERGED from [:shimmer-android-release:] AndroidManifest.xml:7:5-9:41
MERGED from [:fancybuttons-release:] AndroidManifest.xml:7:5-9:41
MERGED from [:MaterialProgressBar:] AndroidManifest.xml:12:5-14:41
MERGED from [:bga-photopicker-1.2.0:] AndroidManifest.xml:6:5-9:46
MERGED from [:agentweb:] AndroidManifest.xml:7:5-9:41
MERGED from [com.jakewharton:butterknife:8.4.0] AndroidManifest.xml:5:5-43
MERGED from [com.orhanobut:logger:1.11] AndroidManifest.xml:8:5-10:41
MERGED from [com.github.CymChad:BaseRecyclerViewAdapterHelper:v1.7.4] AndroidManifest.xml:7:5-9:41
MERGED from [com.android.support:cardview-v7:25.3.1] AndroidManifest.xml:20:5-43
MERGED from [com.android.support:design:25.3.1] AndroidManifest.xml:21:5-23:62
MERGED from [com.android.support:appcompat-v7:25.3.1] AndroidManifest.xml:21:5-23:78
MERGED from [com.android.support:animated-vector-drawable:25.3.1] AndroidManifest.xml:20:5-44
MERGED from [com.android.support:support-vector-drawable:25.3.1] AndroidManifest.xml:20:5-43
MERGED from [com.android.support:transition:25.3.1] AndroidManifest.xml:20:5-44
MERGED from [com.android.support:support-v4:25.3.1] AndroidManifest.xml:21:5-23:54
MERGED from [com.android.support:support-fragment:25.3.1] AndroidManifest.xml:21:5-23:60
MERGED from [com.android.support:support-media-compat:25.3.1] AndroidManifest.xml:21:5-23:63
MERGED from [com.android.support:support-core-utils:25.3.1] AndroidManifest.xml:21:5-23:61
MERGED from [cn.bmob.android:bmob-sdk:3.5.0] AndroidManifest.xml:7:5-9:41
MERGED from [com.tencent.bugly:crashreport:2.6.5] AndroidManifest.xml:5:5-7:41
MERGED from [com.tencent.bugly:nativecrashreport:3.3.0] AndroidManifest.xml:5:5-7:41
MERGED from [com.android.support:recyclerview-v7:25.3.1] AndroidManifest.xml:20:5-43
MERGED from [com.android.support:support-core-ui:25.3.1] AndroidManifest.xml:21:5-23:58
MERGED from [com.android.support:support-compat:25.3.1] AndroidManifest.xml:21:5-23:58
MERGED from [com.squareup.leakcanary:leakcanary-android-no-op:1.5] AndroidManifest.xml:20:5-22:41
	tools:overrideLibrary
		ADDED from [:bga-photopicker-1.2.0:] AndroidManifest.xml:9:9-43
	android:targetSdkVersion
		INJECTED from src\main\AndroidManifest.xml
		INJECTED from src\main\AndroidManifest.xml
	android:minSdkVersion
		INJECTED from src\main\AndroidManifest.xml
		INJECTED from src\main\AndroidManifest.xml
activity#cn.bingoogolapple.photopicker.activity.BGAPhotoPreviewActivity
ADDED from [:bga-photopicker-1.2.0:] AndroidManifest.xml:17:9-22:63
	android:screenOrientation
		ADDED from [:bga-photopicker-1.2.0:] AndroidManifest.xml:20:13-49
	android:windowSoftInputMode
		ADDED from [:bga-photopicker-1.2.0:] AndroidManifest.xml:22:13-60
	android:configChanges
		ADDED from [:bga-photopicker-1.2.0:] AndroidManifest.xml:19:13-63
	android:theme
		ADDED from [:bga-photopicker-1.2.0:] AndroidManifest.xml:21:13-46
	android:name
		ADDED from [:bga-photopicker-1.2.0:] AndroidManifest.xml:18:13-90
activity#cn.bingoogolapple.photopicker.activity.BGAPhotoPickerActivity
ADDED from [:bga-photopicker-1.2.0:] AndroidManifest.xml:25:9-30:63
	android:screenOrientation
		ADDED from [:bga-photopicker-1.2.0:] AndroidManifest.xml:28:13-49
	android:windowSoftInputMode
		ADDED from [:bga-photopicker-1.2.0:] AndroidManifest.xml:30:13-60
	android:configChanges
		ADDED from [:bga-photopicker-1.2.0:] AndroidManifest.xml:27:13-63
	android:theme
		ADDED from [:bga-photopicker-1.2.0:] AndroidManifest.xml:29:13-46
	android:name
		ADDED from [:bga-photopicker-1.2.0:] AndroidManifest.xml:26:13-89
activity#cn.bingoogolapple.photopicker.activity.BGAPhotoPickerPreviewActivity
ADDED from [:bga-photopicker-1.2.0:] AndroidManifest.xml:33:9-38:63
	android:screenOrientation
		ADDED from [:bga-photopicker-1.2.0:] AndroidManifest.xml:36:13-49
	android:windowSoftInputMode
		ADDED from [:bga-photopicker-1.2.0:] AndroidManifest.xml:38:13-60
	android:configChanges
		ADDED from [:bga-photopicker-1.2.0:] AndroidManifest.xml:35:13-63
	android:theme
		ADDED from [:bga-photopicker-1.2.0:] AndroidManifest.xml:37:13-46
	android:name
		ADDED from [:bga-photopicker-1.2.0:] AndroidManifest.xml:34:13-96
provider#com.just.library.AgentWebFileProvider
ADDED from [:agentweb:] AndroidManifest.xml:15:9-23:20
	android:authorities
		ADDED from [:agentweb:] AndroidManifest.xml:17:13-72
	android:grantUriPermissions
		ADDED from [:agentweb:] AndroidManifest.xml:19:13-47
	android:exported
		ADDED from [:agentweb:] AndroidManifest.xml:18:13-37
	android:name
		ADDED from [:agentweb:] AndroidManifest.xml:16:13-65
meta-data#android.support.FILE_PROVIDER_PATHS
ADDED from [:agentweb:] AndroidManifest.xml:20:13-22:62
	android:resource
		ADDED from [:agentweb:] AndroidManifest.xml:22:17-59
	android:name
		ADDED from [:agentweb:] AndroidManifest.xml:21:17-67
meta-data#android.support.VERSION
ADDED from [com.android.support:cardview-v7:25.3.1] AndroidManifest.xml:22:5-24:34
MERGED from [com.android.support:design:25.3.1] AndroidManifest.xml:25:5-27:34
MERGED from [com.android.support:appcompat-v7:25.3.1] AndroidManifest.xml:25:5-27:34
MERGED from [com.android.support:animated-vector-drawable:25.3.1] AndroidManifest.xml:22:5-24:34
MERGED from [com.android.support:support-vector-drawable:25.3.1] AndroidManifest.xml:22:5-24:34
MERGED from [com.android.support:transition:25.3.1] AndroidManifest.xml:22:5-24:34
MERGED from [com.android.support:support-v4:25.3.1] AndroidManifest.xml:25:5-27:34
MERGED from [com.android.support:support-fragment:25.3.1] AndroidManifest.xml:25:5-27:34
MERGED from [com.android.support:support-media-compat:25.3.1] AndroidManifest.xml:25:5-27:34
MERGED from [com.android.support:support-core-utils:25.3.1] AndroidManifest.xml:25:5-27:34
MERGED from [com.android.support:recyclerview-v7:25.3.1] AndroidManifest.xml:22:5-24:34
MERGED from [com.android.support:support-core-ui:25.3.1] AndroidManifest.xml:25:5-27:34
MERGED from [com.android.support:support-compat:25.3.1] AndroidManifest.xml:25:5-27:34
	android:value
		ADDED from [com.android.support:cardview-v7:25.3.1] AndroidManifest.xml:24:9-31
	android:name
		ADDED from [com.android.support:cardview-v7:25.3.1] AndroidManifest.xml:23:9-47